Using pre-set license
Built from '2021.1/release' branch; Version is '2021.1.0f1 (61a549675243) revision 6399305'; Using compiler version '192528614'; Build Type 'Release'
OS: 'Windows 10 Home; OS build 18363.1440; Version 1909; 64bit' Language: 'en' Physical Memory: 8054 MB
BatchMode: 1, IsHumanControllingUs: 0, StartBugReporterOnCrash: 0, Is64bit: 1, IsPro: 0

 COMMAND LINE ARGUMENTS:
C:\Program Files\Unity\Hub\Editor\2021.1.0f1\Editor\Unity.exe
-adb2
-batchMode
-noUpm
-name
AssetImportWorker29
-projectPath
C:/Users/hsidd/OneDrive/Documents/GitHub/Networking Test
-logFile
Logs/AssetImportWorker29.log
-srvPort
58056
Successfully changed project path to: C:/Users/hsidd/OneDrive/Documents/GitHub/Networking Test
C:/Users/hsidd/OneDrive/Documents/GitHub/Networking Test
Using Asset Import Pipeline V2.
Refreshing native plugins compatible for Editor in 177.85 ms, found 2 plugins.
Preloading 0 native plugins for Editor in 0.00 ms.
Initialize engine version: 2021.1.0f1 (61a549675243)
[Subsystems] Discovering subsystems at path C:/Program Files/Unity/Hub/Editor/2021.1.0f1/Editor/Data/Resources/UnitySubsystems
[Subsystems] Discovering subsystems at path C:/Users/hsidd/OneDrive/Documents/GitHub/Networking Test/Assets
GfxDevice: creating device client; threaded=0; jobified=0
Direct3D:
    Version:  Direct3D 11.0 [level 11.1]
    Renderer: NVIDIA GeForce GTX 1050 (ID=0x1c8d)
    Vendor:   NVIDIA
    VRAM:     4021 MB
    Driver:   27.21.14.5709
Initialize mono
Mono path[0] = 'C:/Program Files/Unity/Hub/Editor/2021.1.0f1/Editor/Data/Managed'
Mono path[1] = 'C:/Program Files/Unity/Hub/Editor/2021.1.0f1/Editor/Data/MonoBleedingEdge/lib/mono/unityjit'
Mono config path = 'C:/Program Files/Unity/Hub/Editor/2021.1.0f1/Editor/Data/MonoBleedingEdge/etc'
Using monoOptions --debugger-agent=transport=dt_socket,embedding=1,server=y,suspend=n,address=127.0.0.1:56872
Begin MonoManager ReloadAssembly
Registering precompiled unity dll's ...
Register platform support module: C:/Program Files/Unity/Hub/Editor/2021.1.0f1/Editor/Data/PlaybackEngines/WindowsStandaloneSupport/UnityEditor.WindowsStandalone.Extensions.dll
Registered in 0.003374 seconds.
Native extension for WindowsStandalone target not found
Refreshing native plugins compatible for Editor in 160.42 ms, found 2 plugins.
Preloading 0 native plugins for Editor in 0.00 ms.
Mono: successfully reloaded assembly
- Completed reload, in  1.824 seconds
Platform modules already initialized, skipping
Registering precompiled user dll's ...
Registered in 0.016126 seconds.
Begin MonoManager ReloadAssembly
Native extension for WindowsStandalone target not found
Refreshing native plugins compatible for Editor in 138.02 ms, found 2 plugins.
Preloading 0 native plugins for Editor in 0.00 ms.
Mono: successfully reloaded assembly
- Completed reload, in  7.753 seconds
Platform modules already initialized, skipping
========================================================================
Worker process is ready to serve import requests
Launched and connected shader compiler UnityShaderCompiler.exe after 1.22 seconds
Refreshing native plugins compatible for Editor in 1.23 ms, found 2 plugins.
Preloading 0 native plugins for Editor in 0.00 ms.
Unloading 3517 Unused Serialized files (Serialized files now loaded: 0)
System memory in use before: 132.7 MB.
System memory in use after: 133.0 MB.

Unloading 32 unused Assets to reduce memory usage. Loaded Objects now: 3966.
Total: 914.484000 ms (FindLiveObjects: 0.304000 ms CreateObjectMapping: 0.171300 ms MarkObjects: 817.648000 ms  DeleteObjects: 96.358600 ms)

========================================================================
Received Import Request.
  path: Assets/Lobby Scripts/NetworkDiscovery.cs
  artifactKey: Guid(96dee98c38af8284199c52281805901e) Importer(815301076,1909f56bfc062723c751e8b465ee728b)
Start importing Assets/Lobby Scripts/NetworkDiscovery.cs using Guid(96dee98c38af8284199c52281805901e) Importer(815301076,1909f56bfc062723c751e8b465ee728b)  -> (artifact id: '1a55db8a6f151dd1052e9afd1dde89c6') in 0.973619 seconds 
========================================================================
Received Import Request.
  Time since last request: 79.975468 seconds.
  path: Assets/Lobby Scripts/NetworkDiscovery.cs
  artifactKey: Guid(96dee98c38af8284199c52281805901e) Importer(815301076,1909f56bfc062723c751e8b465ee728b)
Start importing Assets/Lobby Scripts/NetworkDiscovery.cs using Guid(96dee98c38af8284199c52281805901e) Importer(815301076,1909f56bfc062723c751e8b465ee728b)  -> (artifact id: '12aa03c12a2707694996c317b87acce0') in 0.006182 seconds 
========================================================================
Received Import Request.
  Time since last request: 180.597690 seconds.
  path: Assets/Lobby Scripts/NetworkDiscoveryHUD.cs
  artifactKey: Guid(312f5504a4a80744b9a7cf3b217a2db2) Importer(815301076,1909f56bfc062723c751e8b465ee728b)
Start importing Assets/Lobby Scripts/NetworkDiscoveryHUD.cs using Guid(312f5504a4a80744b9a7cf3b217a2db2) Importer(815301076,1909f56bfc062723c751e8b465ee728b)  -> (artifact id: '249c9c16c16ecb4ecd14ce5005cd3383') in 0.010326 seconds 
========================================================================
Received Import Request.
  Time since last request: 235.084542 seconds.
  path: Assets/Lobby Scripts/NetworkDiscoveryHUD.cs
  artifactKey: Guid(312f5504a4a80744b9a7cf3b217a2db2) Importer(815301076,1909f56bfc062723c751e8b465ee728b)
Start importing Assets/Lobby Scripts/NetworkDiscoveryHUD.cs using Guid(312f5504a4a80744b9a7cf3b217a2db2) Importer(815301076,1909f56bfc062723c751e8b465ee728b)  -> (artifact id: 'dcffe860b5bf8eed8a44296ffdb1de90') in 0.086966 seconds 
========================================================================
Received Prepare
Registering precompiled user dll's ...
Registered in 0.424024 seconds.
Begin MonoManager ReloadAssembly
Native extension for WindowsStandalone target not found
Refreshing native plugins compatible for Editor in 1.04 ms, found 2 plugins.
Preloading 0 native plugins for Editor in 0.00 ms.
Mono: successfully reloaded assembly
- Completed reload, in  8.188 seconds
Platform modules already initialized, skipping
Refreshing native plugins compatible for Editor in 0.73 ms, found 2 plugins.
Preloading 0 native plugins for Editor in 0.00 ms.
Unloading 3508 Unused Serialized files (Serialized files now loaded: 0)
System memory in use before: 132.4 MB.
System memory in use after: 132.7 MB.

Unloading 22 unused Assets to reduce memory usage. Loaded Objects now: 3970.
Total: 121.912200 ms (FindLiveObjects: 3.112000 ms CreateObjectMapping: 0.568400 ms MarkObjects: 109.438400 ms  DeleteObjects: 8.790600 ms)

========================================================================
Received Prepare
Registering precompiled user dll's ...
Registered in 0.252152 seconds.
Begin MonoManager ReloadAssembly
Native extension for WindowsStandalone target not found
Refreshing native plugins compatible for Editor in 1.33 ms, found 2 plugins.
Preloading 0 native plugins for Editor in 0.00 ms.
Mono: successfully reloaded assembly
- Completed reload, in  5.204 seconds
Platform modules already initialized, skipping
Refreshing native plugins compatible for Editor in 1.15 ms, found 2 plugins.
Preloading 0 native plugins for Editor in 0.00 ms.
Unloading 3508 Unused Serialized files (Serialized files now loaded: 0)
System memory in use before: 132.5 MB.
System memory in use after: 132.7 MB.

Unloading 22 unused Assets to reduce memory usage. Loaded Objects now: 3973.
Total: 9.605200 ms (FindLiveObjects: 0.348000 ms CreateObjectMapping: 0.407200 ms MarkObjects: 7.687700 ms  DeleteObjects: 1.154800 ms)

